<?xml version="1.0" encoding="UTF-8"?>
<!-- Generated by org.testng.reporters.JUnitXMLReporter -->
<testsuite ignored="0" hostname="IN-9H42M63" failures="0" tests="3" name="ChromeTest" time="16.848" errors="0" timestamp="2023-02-28T15:34:21 IST">
  <testcase classname="com.estore.testcases.HomePageTest" name="allItemsLabelTest" time="0.884"/>
  <testcase classname="com.estore.testcases.HomePageTest" name="storeTitleTest" time="0.163"/>
  <testcase classname="com.estore.testcases.HomePageTest" name="urlTest" time="0.139"/>
</testsuite> <!-- ChromeTest -->
