<?xml version="1.0" encoding="UTF-8"?>
<testng-results ignored="0" total="3" passed="3" failed="0" skipped="0">
  <reporter-output>
  </reporter-output>
  <suite started-at="2023-02-28T15:34:04 IST" name="Smoke" finished-at="2023-02-28T15:34:21 IST" duration-ms="16848">
    <groups>
      <group name="Smoke">
        <method signature="HomePageTest.allItemsLabelTest()[pri:0, instance:com.estore.testcases.HomePageTest@59fd97a8]" name="allItemsLabelTest" class="com.estore.testcases.HomePageTest"/>
        <method signature="HomePageTest.storeTitleTest(java.lang.String)[pri:0, instance:com.estore.testcases.HomePageTest@59fd97a8]" name="storeTitleTest" class="com.estore.testcases.HomePageTest"/>
        <method signature="HomePageTest.urlTest(java.lang.String)[pri:0, instance:com.estore.testcases.HomePageTest@59fd97a8]" name="urlTest" class="com.estore.testcases.HomePageTest"/>
      </group> <!-- Smoke -->
    </groups>
    <test started-at="2023-02-28T15:34:04 IST" name="ChromeTest" finished-at="2023-02-28T15:34:21 IST" duration-ms="16848">
      <class name="com.estore.testcases.HomePageTest">
        <test-method is-config="true" signature="beforeSuite()[pri:0, instance:com.estore.testcases.HomePageTest@59fd97a8]" started-at="2023-02-28T15:34:04 IST" name="beforeSuite" finished-at="2023-02-28T15:34:04 IST" duration-ms="158" status="PASS">
          <reporter-output>
          </reporter-output>
        </test-method> <!-- beforeSuite -->
        <test-method is-config="true" signature="setup(java.lang.String)[pri:0, instance:com.estore.testcases.HomePageTest@59fd97a8]" started-at="2023-02-28T15:34:05 IST" name="setup" finished-at="2023-02-28T15:34:10 IST" duration-ms="5222" status="PASS">
          <params>
            <param index="0">
              <value>
                <![CDATA[Chrome]]>
              </value>
            </param>
          </params>
          <reporter-output>
          </reporter-output>
        </test-method> <!-- setup -->
        <test-method signature="allItemsLabelTest()[pri:0, instance:com.estore.testcases.HomePageTest@59fd97a8]" started-at="2023-02-28T15:34:10 IST" name="allItemsLabelTest" finished-at="2023-02-28T15:34:11 IST" duration-ms="884" status="PASS">
          <reporter-output>
          </reporter-output>
        </test-method> <!-- allItemsLabelTest -->
        <test-method is-config="true" signature="tearDown()[pri:0, instance:com.estore.testcases.HomePageTest@59fd97a8]" started-at="2023-02-28T15:34:11 IST" name="tearDown" finished-at="2023-02-28T15:34:11 IST" duration-ms="241" status="PASS">
          <reporter-output>
          </reporter-output>
        </test-method> <!-- tearDown -->
        <test-method is-config="true" signature="setup(java.lang.String)[pri:0, instance:com.estore.testcases.HomePageTest@59fd97a8]" started-at="2023-02-28T15:34:12 IST" name="setup" finished-at="2023-02-28T15:34:16 IST" duration-ms="4504" status="PASS">
          <params>
            <param index="0">
              <value>
                <![CDATA[Chrome]]>
              </value>
            </param>
          </params>
          <reporter-output>
          </reporter-output>
        </test-method> <!-- setup -->
        <test-method signature="storeTitleTest(java.lang.String)[pri:0, instance:com.estore.testcases.HomePageTest@59fd97a8]" started-at="2023-02-28T15:34:16 IST" name="storeTitleTest" data-provider="getStoreTitle" finished-at="2023-02-28T15:34:16 IST" duration-ms="163" status="PASS">
          <params>
            <param index="0">
              <value>
                <![CDATA[Online Shopping site in India: Shop Online for Mobiles, Books, Watches, Shoes and More - Amazon.in]]>
              </value>
            </param>
          </params>
          <reporter-output>
          </reporter-output>
        </test-method> <!-- storeTitleTest -->
        <test-method is-config="true" signature="tearDown()[pri:0, instance:com.estore.testcases.HomePageTest@59fd97a8]" started-at="2023-02-28T15:34:16 IST" name="tearDown" finished-at="2023-02-28T15:34:17 IST" duration-ms="287" status="PASS">
          <reporter-output>
          </reporter-output>
        </test-method> <!-- tearDown -->
        <test-method is-config="true" signature="setup(java.lang.String)[pri:0, instance:com.estore.testcases.HomePageTest@59fd97a8]" started-at="2023-02-28T15:34:17 IST" name="setup" finished-at="2023-02-28T15:34:21 IST" duration-ms="4149" status="PASS">
          <params>
            <param index="0">
              <value>
                <![CDATA[Chrome]]>
              </value>
            </param>
          </params>
          <reporter-output>
          </reporter-output>
        </test-method> <!-- setup -->
        <test-method signature="urlTest(java.lang.String)[pri:0, instance:com.estore.testcases.HomePageTest@59fd97a8]" started-at="2023-02-28T15:34:21 IST" name="urlTest" data-provider="getUrl" finished-at="2023-02-28T15:34:21 IST" duration-ms="139" status="PASS">
          <params>
            <param index="0">
              <value>
                <![CDATA[https://www.amazon.in/]]>
              </value>
            </param>
          </params>
          <reporter-output>
          </reporter-output>
        </test-method> <!-- urlTest -->
        <test-method is-config="true" signature="tearDown()[pri:0, instance:com.estore.testcases.HomePageTest@59fd97a8]" started-at="2023-02-28T15:34:21 IST" name="tearDown" finished-at="2023-02-28T15:34:21 IST" duration-ms="354" status="PASS">
          <reporter-output>
          </reporter-output>
        </test-method> <!-- tearDown -->
        <test-method is-config="true" signature="afterSuite()[pri:0, instance:com.estore.testcases.HomePageTest@59fd97a8]" started-at="2023-02-28T15:34:21 IST" name="afterSuite" finished-at="2023-02-28T15:34:22 IST" duration-ms="428" status="PASS">
          <reporter-output>
          </reporter-output>
        </test-method> <!-- afterSuite -->
      </class> <!-- com.estore.testcases.HomePageTest -->
    </test> <!-- ChromeTest -->
  </suite> <!-- Smoke -->
</testng-results>
