<?xml version="1.0" encoding="UTF-8"?>
<testsuite xmlns:xsi="http://www.w3.org/2001/XMLSchema-instance" xsi:noNamespaceSchemaLocation="https://maven.apache.org/surefire/maven-surefire-plugin/xsd/surefire-test-report-3.0.xsd" version="3.0" name="TestSuite" time="19.699" tests="3" errors="0" skipped="0" failures="0">
  <properties>
[...]
</properties>
  <testcase name="allItemsLabelTest" classname="com.estore.testcases.HomePageTest" time="0.89">
    <system-out><![CDATA[D:\OneDrive - Nagarro\LEARNING\SELENIUM_PROJECTS\eStoreProjectAmazon
Older extent reports archived
15:34:10.978 [main] INFO  com.estore.utility.Log - ********************************Started allItemsLabelTest*****************************************
15:34:11.136 [main] INFO  com.estore.utility.Log - Element displayed
15:34:11.140 [main] INFO  com.estore.utility.Log - All Items Label validated successfully
15:34:11.140 [main] INFO  com.estore.utility.Log - *********************************Ended allItemsLabelTest******************************************
]]></system-out>
    <system-err><![CDATA[[main] INFO io.github.bonigarcia.wdm.WebDriverManager - Using chromedriver 110.0.5481.77 (resolved driver for Chrome 110)
[main] INFO io.github.bonigarcia.wdm.WebDriverManager - Exporting webdriver.chrome.driver as C:\Users\kanwaljeetsingh\.cache\selenium\chromedriver\win32\110.0.5481.77\chromedriver.exe
Starting ChromeDriver 110.0.5481.77 (65ed616c6e8ee3fe0ad64fe83796c020644d42af-refs/branch-heads/5481@{#839}) on port 53499
Only local connections are allowed.
Please see https://chromedriver.chromium.org/security-considerations for suggestions on keeping ChromeDriver safe.
ChromeDriver was started successfully.
[1677578646.735][WARNING]: virtual void DevToolsClientImpl::AddListener(DevToolsEventListener *) subscribing a listener to the already connected DevToolsClient. Connection notification will not arrive.
Feb 28, 2023 3:34:06 PM org.openqa.selenium.remote.ProtocolHandshake createSession
INFO: Detected dialect: W3C
]]></system-err>
  </testcase>
  <testcase name="storeTitleTest[Online Shopping site in India: Shop Online for Mobiles, Books, Watches, Shoes and More - Amazon.in](1)" classname="com.estore.testcases.HomePageTest" time="0.164">
    <system-out><![CDATA[15:34:16.672 [main] INFO  com.estore.utility.Log - ********************************Started storeTitleTest*****************************************
15:34:16.832 [main] INFO  com.estore.utility.Log - Store Title validated successfully
15:34:16.833 [main] INFO  com.estore.utility.Log - *********************************Ended storeTitleTest******************************************
]]></system-out>
    <system-err><![CDATA[[main] INFO io.github.bonigarcia.wdm.WebDriverManager - Using chromedriver 110.0.5481.77 (resolved driver for Chrome 110)
[main] INFO io.github.bonigarcia.wdm.WebDriverManager - Exporting webdriver.chrome.driver as C:\Users\kanwaljeetsingh\.cache\selenium\chromedriver\win32\110.0.5481.77\chromedriver.exe
Starting ChromeDriver 110.0.5481.77 (65ed616c6e8ee3fe0ad64fe83796c020644d42af-refs/branch-heads/5481@{#839}) on port 46348
Only local connections are allowed.
Please see https://chromedriver.chromium.org/security-considerations for suggestions on keeping ChromeDriver safe.
ChromeDriver was started successfully.
[1677578653.477][WARNING]: virtual void DevToolsClientImpl::AddListener(DevToolsEventListener *) subscribing a listener to the already connected DevToolsClient. Connection notification will not arrive.
Feb 28, 2023 3:34:13 PM org.openqa.selenium.remote.ProtocolHandshake createSession
INFO: Detected dialect: W3C
]]></system-err>
  </testcase>
  <testcase name="urlTest[https://www.amazon.in/](1)" classname="com.estore.testcases.HomePageTest" time="0.142">
    <system-out><![CDATA[15:34:21.341 [main] INFO  com.estore.utility.Log - ********************************Started urlTest*****************************************
15:34:21.478 [main] INFO  com.estore.utility.Log - URL validated successfully
15:34:21.478 [main] INFO  com.estore.utility.Log - *********************************Ended urlTest******************************************
]]></system-out>
    <system-err><![CDATA[[main] INFO io.github.bonigarcia.wdm.WebDriverManager - Using chromedriver 110.0.5481.77 (resolved driver for Chrome 110)
[main] INFO io.github.bonigarcia.wdm.WebDriverManager - Exporting webdriver.chrome.driver as C:\Users\kanwaljeetsingh\.cache\selenium\chromedriver\win32\110.0.5481.77\chromedriver.exe
Starting ChromeDriver 110.0.5481.77 (65ed616c6e8ee3fe0ad64fe83796c020644d42af-refs/branch-heads/5481@{#839}) on port 50175
Only local connections are allowed.
Please see https://chromedriver.chromium.org/security-considerations for suggestions on keeping ChromeDriver safe.
ChromeDriver was started successfully.
[1677578658.119][WARNING]: virtual void DevToolsClientImpl::AddListener(DevToolsEventListener *) subscribing a listener to the already connected DevToolsClient. Connection notification will not arrive.
Feb 28, 2023 3:34:18 PM org.openqa.selenium.remote.ProtocolHandshake createSession
INFO: Detected dialect: W3C
]]></system-err>
  </testcase>
</testsuite>