<?xml version="1.0" encoding="UTF-8"?>
<!-- Generated by org.testng.reporters.JUnitXMLReporter -->
<testsuite ignored="0" hostname="IN-9H42M63" failures="0" tests="3" name="ChromeTest" time="22.03" errors="0" timestamp="2023-02-28T15:32:16 IST">
  <testcase classname="com.estore.testcases.HomePageTest" name="allItemsLabelTest" time="0.992"/>
  <testcase classname="com.estore.testcases.HomePageTest" name="storeTitleTest" time="0.06"/>
  <testcase classname="com.estore.testcases.HomePageTest" name="urlTest" time="0.363"/>
</testsuite> <!-- ChromeTest -->
