<?xml version="1.0" encoding="UTF-8"?>
<!-- Generated by org.testng.reporters.JUnitXMLReporter -->
<testsuite ignored="0" hostname="IN-9H42M63" failures="0" tests="3" name="ChromeTest" time="24.31" errors="0" timestamp="2023-02-28T15:33:12 IST">
  <testcase classname="com.estore.testcases.HomePageTest" name="allItemsLabelTest" time="1.557"/>
  <testcase classname="com.estore.testcases.HomePageTest" name="storeTitleTest" time="0.186"/>
  <testcase classname="com.estore.testcases.HomePageTest" name="urlTest" time="0.146"/>
</testsuite> <!-- ChromeTest -->
